<?xml version="1.0" encoding="utf-8" standalone="no"?>
<test-run id="2" testcasecount="0" result="Passed" total="0" passed="0" failed="0" inconclusive="0" skipped="0" asserts="0" engine-version="3.10.0.0" clr-version="4.0.30319.42000" start-time="2020-01-29 17:41:51Z" end-time="2020-01-29 17:41:53Z" duration="1.648279">
  <command-line><![CDATA[/apps/Store/packages/NUnit.ConsoleRunner.3.10.0/tools/nunit3-console.exe --noheader /apps/Store/testbuild/Store.Reports.Formats.Test.dll]]></command-line>
  <test-suite type="Assembly" id="0-1002" name="Store.Reports.Formats.Test.dll" fullname="/apps/Store/testbuild/Store.Reports.Formats.Test.dll" runstate="Runnable" testcasecount="0" result="Passed" start-time="2020-01-29 17:41:53Z" end-time="2020-01-29 17:41:53Z" duration="0.063246" total="0" passed="0" failed="0" warnings="0" inconclusive="0" skipped="0" asserts="0">
    <environment framework-version="3.12.0.0" clr-version="4.0.30319.42000" os-version="Unix 4.10.0.38" platform="Unix" cwd="/apps/Store" machine-name="htao-Latitude-E6430" user="htao" user-domain="htao-Latitude-E6430" culture="en-US" uiculture="en-US" os-architecture="x64" />
    <settings>
      <setting name="DisposeRunners" value="True" />
      <setting name="WorkDirectory" value="/apps/Store" />
      <setting name="ImageRuntimeVersion" value="4.0.30319" />
      <setting name="ImageTargetFrameworkName" value=".NETFramework,Version=v4.6" />
      <setting name="ImageRequiresX86" value="False" />
      <setting name="ImageRequiresDefaultAppDomainAssemblyResolver" value="False" />
      <setting name="NumberOfTestWorkers" value="4" />
    </settings>
    <properties>
      <property name="_PID" value="15214" />
      <property name="_APPDOMAIN" value="domain-" />
    </properties>
    <test-suite type="TestSuite" id="0-1003" name="Store" fullname="Store" runstate="Runnable" testcasecount="0" result="Passed" start-time="2020-01-29 17:41:53Z" end-time="2020-01-29 17:41:53Z" duration="0.032405" total="0" passed="0" failed="0" warnings="0" inconclusive="0" skipped="0" asserts="0">
      <test-suite type="TestSuite" id="0-1004" name="Reports" fullname="Store.Reports" runstate="Runnable" testcasecount="0" result="Passed" start-time="2020-01-29 17:41:53Z" end-time="2020-01-29 17:41:53Z" duration="0.031701" total="0" passed="0" failed="0" warnings="0" inconclusive="0" skipped="0" asserts="0">
        <test-suite type="TestSuite" id="0-1005" name="Formats" fullname="Store.Reports.Formats" runstate="Runnable" testcasecount="0" result="Passed" start-time="2020-01-29 17:41:53Z" end-time="2020-01-29 17:41:53Z" duration="0.031582" total="0" passed="0" failed="0" warnings="0" inconclusive="0" skipped="0" asserts="0">
          <test-suite type="TestSuite" id="0-1006" name="Test" fullname="Store.Reports.Formats.Test" runstate="Runnable" testcasecount="0" result="Passed" start-time="2020-01-29 17:41:53Z" end-time="2020-01-29 17:41:53Z" duration="0.031487" total="0" passed="0" failed="0" warnings="0" inconclusive="0" skipped="0" asserts="0">
            <test-suite type="TestFixture" id="0-1000" name="Excel Tests" fullname="Store.Reports.Formats.Test.Excel Tests" classname="Store.Reports.Formats.Test.Excel Tests" runstate="Runnable" testcasecount="0" result="Passed" start-time="2020-01-29 17:41:53Z" end-time="2020-01-29 17:41:53Z" duration="0.027207" total="0" passed="0" failed="0" warnings="0" inconclusive="0" skipped="0" asserts="0">
              <test-suite type="GenericMethod" id="0-1001" name="When List of objects" fullname="Store.Reports.Formats.Test.Excel Tests.When List of objects" classname="Store.Reports.Formats.Test.Excel Tests" runstate="Runnable" testcasecount="0" result="Passed" start-time="2020-01-29 17:41:53Z" end-time="2020-01-29 17:41:53Z" duration="0.003094" total="0" passed="0" failed="0" warnings="0" inconclusive="0" skipped="0" asserts="0" />
            </test-suite>
          </test-suite>
        </test-suite>
      </test-suite>
    </test-suite>
  </test-suite>
</test-run>